SyntaxError: Unexpected token import
    at exports.runInThisContext (vm.js:53:16)
    at Module._compile (module.js:387:25)
    at Object.Module._extensions..js (module.js:422:10)
    at Module.load (module.js:357:32)
    at Function.Module._load (module.js:314:12)
    at Function._load (/Users/hotread/.config/yarn/global/node_modules/pmx/lib/transaction.js:94:21)
    at /Users/hotread/.config/yarn/global/node_modules/pm2/lib/ProcessContainer.js:301:23
    at /Users/hotread/.config/yarn/global/node_modules/async/lib/async.js:52:16
    at /Users/hotread/.config/yarn/global/node_modules/async/lib/async.js:1209:30
    at WriteStream.<anonymous> (/Users/hotread/.config/yarn/global/node_modules/pm2/lib/Utility.js:147:13)
SyntaxError: Unexpected token import
    at exports.runInThisContext (vm.js:53:16)
    at Module._compile (module.js:387:25)
    at Object.Module._extensions..js (module.js:422:10)
    at Module.load (module.js:357:32)
    at Function.Module._load (module.js:314:12)
    at Function._load (/Users/hotread/.config/yarn/global/node_modules/pmx/lib/transaction.js:94:21)
    at /Users/hotread/.config/yarn/global/node_modules/pm2/lib/ProcessContainer.js:301:23
    at /Users/hotread/.config/yarn/global/node_modules/async/lib/async.js:52:16
    at /Users/hotread/.config/yarn/global/node_modules/async/lib/async.js:1209:30
    at WriteStream.<anonymous> (/Users/hotread/.config/yarn/global/node_modules/pm2/lib/Utility.js:147:13)
SyntaxError: Unexpected token import
    at exports.runInThisContext (vm.js:53:16)
    at Module._compile (module.js:387:25)
    at Object.Module._extensions..js (module.js:422:10)
    at Module.load (module.js:357:32)
    at Function.Module._load (module.js:314:12)
    at Function._load (/Users/hotread/.config/yarn/global/node_modules/pmx/lib/transaction.js:94:21)
    at /Users/hotread/.config/yarn/global/node_modules/pm2/lib/ProcessContainer.js:301:23
    at /Users/hotread/.config/yarn/global/node_modules/async/lib/async.js:52:16
    at /Users/hotread/.config/yarn/global/node_modules/async/lib/async.js:1209:30
    at WriteStream.<anonymous> (/Users/hotread/.config/yarn/global/node_modules/pm2/lib/Utility.js:147:13)
SyntaxError: Unexpected token import
    at exports.runInThisContext (vm.js:53:16)
    at Module._compile (module.js:387:25)
    at Object.Module._extensions..js (module.js:422:10)
    at Module.load (module.js:357:32)
    at Function.Module._load (module.js:314:12)
    at Function._load (/Users/hotread/.config/yarn/global/node_modules/pmx/lib/transaction.js:94:21)
    at /Users/hotread/.config/yarn/global/node_modules/pm2/lib/ProcessContainer.js:301:23
    at /Users/hotread/.config/yarn/global/node_modules/async/lib/async.js:52:16
    at /Users/hotread/.config/yarn/global/node_modules/async/lib/async.js:1209:30
    at WriteStream.<anonymous> (/Users/hotread/.config/yarn/global/node_modules/pm2/lib/Utility.js:147:13)
SyntaxError: Unexpected token import
    at exports.runInThisContext (vm.js:53:16)
    at Module._compile (module.js:387:25)
    at Object.Module._extensions..js (module.js:422:10)
    at Module.load (module.js:357:32)
    at Function.Module._load (module.js:314:12)
    at Function._load (/Users/hotread/.config/yarn/global/node_modules/pmx/lib/transaction.js:94:21)
    at /Users/hotread/.config/yarn/global/node_modules/pm2/lib/ProcessContainer.js:301:23
    at /Users/hotread/.config/yarn/global/node_modules/async/lib/async.js:52:16
    at /Users/hotread/.config/yarn/global/node_modules/async/lib/async.js:1209:30
    at WriteStream.<anonymous> (/Users/hotread/.config/yarn/global/node_modules/pm2/lib/Utility.js:147:13)
SyntaxError: Unexpected token import
    at exports.runInThisContext (vm.js:53:16)
    at Module._compile (module.js:387:25)
    at Object.Module._extensions..js (module.js:422:10)
    at Module.load (module.js:357:32)
    at Function.Module._load (module.js:314:12)
    at Function._load (/Users/hotread/.config/yarn/global/node_modules/pmx/lib/transaction.js:94:21)
    at /Users/hotread/.config/yarn/global/node_modules/pm2/lib/ProcessContainer.js:301:23
    at /Users/hotread/.config/yarn/global/node_modules/async/lib/async.js:52:16
    at /Users/hotread/.config/yarn/global/node_modules/async/lib/async.js:1209:30
    at WriteStream.<anonymous> (/Users/hotread/.config/yarn/global/node_modules/pm2/lib/Utility.js:147:13)
SyntaxError: Unexpected token import
    at exports.runInThisContext (vm.js:53:16)
    at Module._compile (module.js:387:25)
    at Object.Module._extensions..js (module.js:422:10)
    at Module.load (module.js:357:32)
    at Function.Module._load (module.js:314:12)
    at Function._load (/Users/hotread/.config/yarn/global/node_modules/pmx/lib/transaction.js:94:21)
    at /Users/hotread/.config/yarn/global/node_modules/pm2/lib/ProcessContainer.js:301:23
    at /Users/hotread/.config/yarn/global/node_modules/async/lib/async.js:52:16
    at /Users/hotread/.config/yarn/global/node_modules/async/lib/async.js:1209:30
    at WriteStream.<anonymous> (/Users/hotread/.config/yarn/global/node_modules/pm2/lib/Utility.js:147:13)
SyntaxError: Unexpected token import
    at exports.runInThisContext (vm.js:53:16)
    at Module._compile (module.js:387:25)
    at Object.Module._extensions..js (module.js:422:10)
    at Module.load (module.js:357:32)
    at Function.Module._load (module.js:314:12)
    at Function._load (/Users/hotread/.config/yarn/global/node_modules/pmx/lib/transaction.js:94:21)
    at /Users/hotread/.config/yarn/global/node_modules/pm2/lib/ProcessContainer.js:301:23
    at /Users/hotread/.config/yarn/global/node_modules/async/lib/async.js:52:16
    at /Users/hotread/.config/yarn/global/node_modules/async/lib/async.js:1209:30
    at WriteStream.<anonymous> (/Users/hotread/.config/yarn/global/node_modules/pm2/lib/Utility.js:147:13)
SyntaxError: Unexpected token import
    at exports.runInThisContext (vm.js:53:16)
    at Module._compile (module.js:387:25)
    at Object.Module._extensions..js (module.js:422:10)
    at Module.load (module.js:357:32)
    at Function.Module._load (module.js:314:12)
    at Function._load (/Users/hotread/.config/yarn/global/node_modules/pmx/lib/transaction.js:94:21)
    at /Users/hotread/.config/yarn/global/node_modules/pm2/lib/ProcessContainer.js:301:23
    at /Users/hotread/.config/yarn/global/node_modules/async/lib/async.js:52:16
    at /Users/hotread/.config/yarn/global/node_modules/async/lib/async.js:1209:30
    at WriteStream.<anonymous> (/Users/hotread/.config/yarn/global/node_modules/pm2/lib/Utility.js:147:13)
SyntaxError: Unexpected token import
    at exports.runInThisContext (vm.js:53:16)
    at Module._compile (module.js:387:25)
    at Object.Module._extensions..js (module.js:422:10)
    at Module.load (module.js:357:32)
    at Function.Module._load (module.js:314:12)
    at Function._load (/Users/hotread/.config/yarn/global/node_modules/pmx/lib/transaction.js:94:21)
    at /Users/hotread/.config/yarn/global/node_modules/pm2/lib/ProcessContainer.js:301:23
    at /Users/hotread/.config/yarn/global/node_modules/async/lib/async.js:52:16
    at /Users/hotread/.config/yarn/global/node_modules/async/lib/async.js:1209:30
    at WriteStream.<anonymous> (/Users/hotread/.config/yarn/global/node_modules/pm2/lib/Utility.js:147:13)
SyntaxError: Unexpected token import
    at exports.runInThisContext (vm.js:53:16)
    at Module._compile (module.js:387:25)
    at Object.Module._extensions..js (module.js:422:10)
    at Module.load (module.js:357:32)
    at Function.Module._load (module.js:314:12)
    at Function._load (/Users/hotread/.config/yarn/global/node_modules/pmx/lib/transaction.js:94:21)
    at /Users/hotread/.config/yarn/global/node_modules/pm2/lib/ProcessContainer.js:301:23
    at /Users/hotread/.config/yarn/global/node_modules/async/lib/async.js:52:16
    at /Users/hotread/.config/yarn/global/node_modules/async/lib/async.js:1209:30
    at WriteStream.<anonymous> (/Users/hotread/.config/yarn/global/node_modules/pm2/lib/Utility.js:147:13)
SyntaxError: Unexpected token import
    at exports.runInThisContext (vm.js:53:16)
    at Module._compile (module.js:387:25)
    at Object.Module._extensions..js (module.js:422:10)
    at Module.load (module.js:357:32)
    at Function.Module._load (module.js:314:12)
    at Function._load (/Users/hotread/.config/yarn/global/node_modules/pmx/lib/transaction.js:94:21)
    at /Users/hotread/.config/yarn/global/node_modules/pm2/lib/ProcessContainer.js:301:23
    at /Users/hotread/.config/yarn/global/node_modules/async/lib/async.js:52:16
    at /Users/hotread/.config/yarn/global/node_modules/async/lib/async.js:1209:30
    at WriteStream.<anonymous> (/Users/hotread/.config/yarn/global/node_modules/pm2/lib/Utility.js:147:13)
SyntaxError: Unexpected token import
    at exports.runInThisContext (vm.js:53:16)
    at Module._compile (module.js:387:25)
    at Object.Module._extensions..js (module.js:422:10)
    at Module.load (module.js:357:32)
    at Function.Module._load (module.js:314:12)
    at Function._load (/Users/hotread/.config/yarn/global/node_modules/pmx/lib/transaction.js:94:21)
    at /Users/hotread/.config/yarn/global/node_modules/pm2/lib/ProcessContainer.js:301:23
    at /Users/hotread/.config/yarn/global/node_modules/async/lib/async.js:52:16
    at /Users/hotread/.config/yarn/global/node_modules/async/lib/async.js:1209:30
    at WriteStream.<anonymous> (/Users/hotread/.config/yarn/global/node_modules/pm2/lib/Utility.js:147:13)
SyntaxError: Unexpected token import
    at exports.runInThisContext (vm.js:53:16)
    at Module._compile (module.js:387:25)
    at Object.Module._extensions..js (module.js:422:10)
    at Module.load (module.js:357:32)
    at Function.Module._load (module.js:314:12)
    at Function._load (/Users/hotread/.config/yarn/global/node_modules/pmx/lib/transaction.js:94:21)
    at /Users/hotread/.config/yarn/global/node_modules/pm2/lib/ProcessContainer.js:301:23
    at /Users/hotread/.config/yarn/global/node_modules/async/lib/async.js:52:16
    at /Users/hotread/.config/yarn/global/node_modules/async/lib/async.js:1209:30
    at WriteStream.<anonymous> (/Users/hotread/.config/yarn/global/node_modules/pm2/lib/Utility.js:147:13)
SyntaxError: Unexpected token import
    at exports.runInThisContext (vm.js:53:16)
    at Module._compile (module.js:387:25)
    at Object.Module._extensions..js (module.js:422:10)
    at Module.load (module.js:357:32)
    at Function.Module._load (module.js:314:12)
    at Function._load (/Users/hotread/.config/yarn/global/node_modules/pmx/lib/transaction.js:94:21)
    at /Users/hotread/.config/yarn/global/node_modules/pm2/lib/ProcessContainer.js:301:23
    at /Users/hotread/.config/yarn/global/node_modules/async/lib/async.js:52:16
    at /Users/hotread/.config/yarn/global/node_modules/async/lib/async.js:1209:30
    at WriteStream.<anonymous> (/Users/hotread/.config/yarn/global/node_modules/pm2/lib/Utility.js:147:13)
SyntaxError: Unexpected token import
    at exports.runInThisContext (vm.js:53:16)
    at Module._compile (module.js:387:25)
    at Object.Module._extensions..js (module.js:422:10)
    at Module.load (module.js:357:32)
    at Function.Module._load (module.js:314:12)
    at Function._load (/Users/hotread/.config/yarn/global/node_modules/pmx/lib/transaction.js:94:21)
    at /Users/hotread/.config/yarn/global/node_modules/pm2/lib/ProcessContainer.js:301:23
    at /Users/hotread/.config/yarn/global/node_modules/async/lib/async.js:52:16
    at /Users/hotread/.config/yarn/global/node_modules/async/lib/async.js:1209:30
    at WriteStream.<anonymous> (/Users/hotread/.config/yarn/global/node_modules/pm2/lib/Utility.js:147:13)
SyntaxError: Unexpected token import
    at exports.runInThisContext (vm.js:53:16)
    at Module._compile (module.js:387:25)
    at Object.Module._extensions..js (module.js:422:10)
    at Module.load (module.js:357:32)
    at Function.Module._load (module.js:314:12)
    at Function._load (/Users/hotread/.config/yarn/global/node_modules/pmx/lib/transaction.js:94:21)
    at /Users/hotread/.config/yarn/global/node_modules/pm2/lib/ProcessContainer.js:301:23
    at /Users/hotread/.config/yarn/global/node_modules/async/lib/async.js:52:16
    at /Users/hotread/.config/yarn/global/node_modules/async/lib/async.js:1209:30
    at WriteStream.<anonymous> (/Users/hotread/.config/yarn/global/node_modules/pm2/lib/Utility.js:147:13)
SyntaxError: Unexpected token import
    at exports.runInThisContext (vm.js:53:16)
    at Module._compile (module.js:387:25)
    at Object.Module._extensions..js (module.js:422:10)
    at Module.load (module.js:357:32)
    at Function.Module._load (module.js:314:12)
    at Function._load (/Users/hotread/.config/yarn/global/node_modules/pmx/lib/transaction.js:94:21)
    at /Users/hotread/.config/yarn/global/node_modules/pm2/lib/ProcessContainer.js:301:23
    at /Users/hotread/.config/yarn/global/node_modules/async/lib/async.js:52:16
    at /Users/hotread/.config/yarn/global/node_modules/async/lib/async.js:1209:30
    at WriteStream.<anonymous> (/Users/hotread/.config/yarn/global/node_modules/pm2/lib/Utility.js:147:13)
SyntaxError: Unexpected token import
    at exports.runInThisContext (vm.js:53:16)
    at Module._compile (module.js:387:25)
    at Object.Module._extensions..js (module.js:422:10)
    at Module.load (module.js:357:32)
    at Function.Module._load (module.js:314:12)
    at Function._load (/Users/hotread/.config/yarn/global/node_modules/pmx/lib/transaction.js:94:21)
    at /Users/hotread/.config/yarn/global/node_modules/pm2/lib/ProcessContainer.js:301:23
    at /Users/hotread/.config/yarn/global/node_modules/async/lib/async.js:52:16
    at /Users/hotread/.config/yarn/global/node_modules/async/lib/async.js:1209:30
    at WriteStream.<anonymous> (/Users/hotread/.config/yarn/global/node_modules/pm2/lib/Utility.js:147:13)
SyntaxError: Unexpected token import
    at exports.runInThisContext (vm.js:53:16)
    at Module._compile (module.js:387:25)
    at Object.Module._extensions..js (module.js:422:10)
    at Module.load (module.js:357:32)
    at Function.Module._load (module.js:314:12)
    at Function._load (/Users/hotread/.config/yarn/global/node_modules/pmx/lib/transaction.js:94:21)
    at /Users/hotread/.config/yarn/global/node_modules/pm2/lib/ProcessContainer.js:301:23
    at /Users/hotread/.config/yarn/global/node_modules/async/lib/async.js:52:16
    at /Users/hotread/.config/yarn/global/node_modules/async/lib/async.js:1209:30
    at WriteStream.<anonymous> (/Users/hotread/.config/yarn/global/node_modules/pm2/lib/Utility.js:147:13)
SyntaxError: Unexpected token import
    at exports.runInThisContext (vm.js:53:16)
    at Module._compile (module.js:387:25)
    at Object.Module._extensions..js (module.js:422:10)
    at Module.load (module.js:357:32)
    at Function.Module._load (module.js:314:12)
    at Function._load (/Users/hotread/.config/yarn/global/node_modules/pmx/lib/transaction.js:94:21)
    at /Users/hotread/.config/yarn/global/node_modules/pm2/lib/ProcessContainer.js:301:23
    at /Users/hotread/.config/yarn/global/node_modules/async/lib/async.js:52:16
    at /Users/hotread/.config/yarn/global/node_modules/async/lib/async.js:1209:30
    at WriteStream.<anonymous> (/Users/hotread/.config/yarn/global/node_modules/pm2/lib/Utility.js:147:13)
SyntaxError: Unexpected token import
    at exports.runInThisContext (vm.js:53:16)
    at Module._compile (module.js:387:25)
    at Object.Module._extensions..js (module.js:422:10)
    at Module.load (module.js:357:32)
    at Function.Module._load (module.js:314:12)
    at Function._load (/Users/hotread/.config/yarn/global/node_modules/pmx/lib/transaction.js:94:21)
    at /Users/hotread/.config/yarn/global/node_modules/pm2/lib/ProcessContainer.js:301:23
    at /Users/hotread/.config/yarn/global/node_modules/async/lib/async.js:52:16
    at /Users/hotread/.config/yarn/global/node_modules/async/lib/async.js:1209:30
    at WriteStream.<anonymous> (/Users/hotread/.config/yarn/global/node_modules/pm2/lib/Utility.js:147:13)
SyntaxError: Unexpected token import
    at exports.runInThisContext (vm.js:53:16)
    at Module._compile (module.js:387:25)
    at Object.Module._extensions..js (module.js:422:10)
    at Module.load (module.js:357:32)
    at Function.Module._load (module.js:314:12)
    at Function._load (/Users/hotread/.config/yarn/global/node_modules/pmx/lib/transaction.js:94:21)
    at /Users/hotread/.config/yarn/global/node_modules/pm2/lib/ProcessContainer.js:301:23
    at /Users/hotread/.config/yarn/global/node_modules/async/lib/async.js:52:16
    at /Users/hotread/.config/yarn/global/node_modules/async/lib/async.js:1209:30
    at WriteStream.<anonymous> (/Users/hotread/.config/yarn/global/node_modules/pm2/lib/Utility.js:147:13)
SyntaxError: Unexpected token import
    at exports.runInThisContext (vm.js:53:16)
    at Module._compile (module.js:387:25)
    at Object.Module._extensions..js (module.js:422:10)
    at Module.load (module.js:357:32)
    at Function.Module._load (module.js:314:12)
    at Function._load (/Users/hotread/.config/yarn/global/node_modules/pmx/lib/transaction.js:94:21)
    at /Users/hotread/.config/yarn/global/node_modules/pm2/lib/ProcessContainer.js:301:23
    at /Users/hotread/.config/yarn/global/node_modules/async/lib/async.js:52:16
    at /Users/hotread/.config/yarn/global/node_modules/async/lib/async.js:1209:30
    at WriteStream.<anonymous> (/Users/hotread/.config/yarn/global/node_modules/pm2/lib/Utility.js:147:13)
SyntaxError: Unexpected token import
    at exports.runInThisContext (vm.js:53:16)
    at Module._compile (module.js:387:25)
    at Object.Module._extensions..js (module.js:422:10)
    at Module.load (module.js:357:32)
    at Function.Module._load (module.js:314:12)
    at Function._load (/Users/hotread/.config/yarn/global/node_modules/pmx/lib/transaction.js:94:21)
    at /Users/hotread/.config/yarn/global/node_modules/pm2/lib/ProcessContainer.js:301:23
    at /Users/hotread/.config/yarn/global/node_modules/async/lib/async.js:52:16
    at /Users/hotread/.config/yarn/global/node_modules/async/lib/async.js:1209:30
    at WriteStream.<anonymous> (/Users/hotread/.config/yarn/global/node_modules/pm2/lib/Utility.js:147:13)
SyntaxError: Unexpected token import
    at exports.runInThisContext (vm.js:53:16)
    at Module._compile (module.js:387:25)
    at Object.Module._extensions..js (module.js:422:10)
    at Module.load (module.js:357:32)
    at Function.Module._load (module.js:314:12)
    at Function._load (/Users/hotread/.config/yarn/global/node_modules/pmx/lib/transaction.js:94:21)
    at /Users/hotread/.config/yarn/global/node_modules/pm2/lib/ProcessContainer.js:301:23
    at /Users/hotread/.config/yarn/global/node_modules/async/lib/async.js:52:16
    at /Users/hotread/.config/yarn/global/node_modules/async/lib/async.js:1209:30
    at WriteStream.<anonymous> (/Users/hotread/.config/yarn/global/node_modules/pm2/lib/Utility.js:147:13)
SyntaxError: Unexpected token import
    at exports.runInThisContext (vm.js:53:16)
    at Module._compile (module.js:387:25)
    at Object.Module._extensions..js (module.js:422:10)
    at Module.load (module.js:357:32)
    at Function.Module._load (module.js:314:12)
    at Function._load (/Users/hotread/.config/yarn/global/node_modules/pmx/lib/transaction.js:94:21)
    at /Users/hotread/.config/yarn/global/node_modules/pm2/lib/ProcessContainer.js:301:23
    at /Users/hotread/.config/yarn/global/node_modules/async/lib/async.js:52:16
    at /Users/hotread/.config/yarn/global/node_modules/async/lib/async.js:1209:30
    at WriteStream.<anonymous> (/Users/hotread/.config/yarn/global/node_modules/pm2/lib/Utility.js:147:13)
SyntaxError: Unexpected token import
    at exports.runInThisContext (vm.js:53:16)
    at Module._compile (module.js:387:25)
    at Object.Module._extensions..js (module.js:422:10)
    at Module.load (module.js:357:32)
    at Function.Module._load (module.js:314:12)
    at Function._load (/Users/hotread/.config/yarn/global/node_modules/pmx/lib/transaction.js:94:21)
    at /Users/hotread/.config/yarn/global/node_modules/pm2/lib/ProcessContainer.js:301:23
    at /Users/hotread/.config/yarn/global/node_modules/async/lib/async.js:52:16
    at /Users/hotread/.config/yarn/global/node_modules/async/lib/async.js:1209:30
    at WriteStream.<anonymous> (/Users/hotread/.config/yarn/global/node_modules/pm2/lib/Utility.js:147:13)
SyntaxError: Unexpected token import
    at exports.runInThisContext (vm.js:53:16)
    at Module._compile (module.js:387:25)
    at Object.Module._extensions..js (module.js:422:10)
    at Module.load (module.js:357:32)
    at Function.Module._load (module.js:314:12)
    at Function._load (/Users/hotread/.config/yarn/global/node_modules/pmx/lib/transaction.js:94:21)
    at /Users/hotread/.config/yarn/global/node_modules/pm2/lib/ProcessContainer.js:301:23
    at /Users/hotread/.config/yarn/global/node_modules/async/lib/async.js:52:16
    at /Users/hotread/.config/yarn/global/node_modules/async/lib/async.js:1209:30
    at WriteStream.<anonymous> (/Users/hotread/.config/yarn/global/node_modules/pm2/lib/Utility.js:147:13)
SyntaxError: Unexpected token import
    at exports.runInThisContext (vm.js:53:16)
    at Module._compile (module.js:387:25)
    at Object.Module._extensions..js (module.js:422:10)
    at Module.load (module.js:357:32)
    at Function.Module._load (module.js:314:12)
    at Function._load (/Users/hotread/.config/yarn/global/node_modules/pmx/lib/transaction.js:94:21)
    at /Users/hotread/.config/yarn/global/node_modules/pm2/lib/ProcessContainer.js:301:23
    at /Users/hotread/.config/yarn/global/node_modules/async/lib/async.js:52:16
    at /Users/hotread/.config/yarn/global/node_modules/async/lib/async.js:1209:30
    at WriteStream.<anonymous> (/Users/hotread/.config/yarn/global/node_modules/pm2/lib/Utility.js:147:13)
SyntaxError: Unexpected token import
    at exports.runInThisContext (vm.js:53:16)
    at Module._compile (module.js:387:25)
    at Object.Module._extensions..js (module.js:422:10)
    at Module.load (module.js:357:32)
    at Function.Module._load (module.js:314:12)
    at Function._load (/Users/hotread/.config/yarn/global/node_modules/pmx/lib/transaction.js:94:21)
    at /Users/hotread/.config/yarn/global/node_modules/pm2/lib/ProcessContainer.js:301:23
    at /Users/hotread/.config/yarn/global/node_modules/async/lib/async.js:52:16
    at /Users/hotread/.config/yarn/global/node_modules/async/lib/async.js:1209:30
    at WriteStream.<anonymous> (/Users/hotread/.config/yarn/global/node_modules/pm2/lib/Utility.js:147:13)
SyntaxError: Unexpected token import
    at exports.runInThisContext (vm.js:53:16)
    at Module._compile (module.js:387:25)
    at Object.Module._extensions..js (module.js:422:10)
    at Module.load (module.js:357:32)
    at Function.Module._load (module.js:314:12)
    at Function._load (/Users/hotread/.config/yarn/global/node_modules/pmx/lib/transaction.js:94:21)
    at /Users/hotread/.config/yarn/global/node_modules/pm2/lib/ProcessContainer.js:301:23
    at /Users/hotread/.config/yarn/global/node_modules/async/lib/async.js:52:16
    at /Users/hotread/.config/yarn/global/node_modules/async/lib/async.js:1209:30
    at WriteStream.<anonymous> (/Users/hotread/.config/yarn/global/node_modules/pm2/lib/Utility.js:147:13)
SyntaxError: Unexpected token import
    at exports.runInThisContext (vm.js:53:16)
    at Module._compile (module.js:387:25)
    at Object.Module._extensions..js (module.js:422:10)
    at Module.load (module.js:357:32)
    at Function.Module._load (module.js:314:12)
    at Function._load (/Users/hotread/.config/yarn/global/node_modules/pmx/lib/transaction.js:94:21)
    at /Users/hotread/.config/yarn/global/node_modules/pm2/lib/ProcessContainer.js:301:23
    at /Users/hotread/.config/yarn/global/node_modules/async/lib/async.js:52:16
    at /Users/hotread/.config/yarn/global/node_modules/async/lib/async.js:1209:30
    at WriteStream.<anonymous> (/Users/hotread/.config/yarn/global/node_modules/pm2/lib/Utility.js:147:13)
SyntaxError: Unexpected token import
    at exports.runInThisContext (vm.js:53:16)
    at Module._compile (module.js:387:25)
    at Object.Module._extensions..js (module.js:422:10)
    at Module.load (module.js:357:32)
    at Function.Module._load (module.js:314:12)
    at Function._load (/Users/hotread/.config/yarn/global/node_modules/pmx/lib/transaction.js:94:21)
    at /Users/hotread/.config/yarn/global/node_modules/pm2/lib/ProcessContainer.js:301:23
    at /Users/hotread/.config/yarn/global/node_modules/async/lib/async.js:52:16
    at /Users/hotread/.config/yarn/global/node_modules/async/lib/async.js:1209:30
    at WriteStream.<anonymous> (/Users/hotread/.config/yarn/global/node_modules/pm2/lib/Utility.js:147:13)
SyntaxError: Unexpected token import
    at exports.runInThisContext (vm.js:53:16)
    at Module._compile (module.js:387:25)
    at Object.Module._extensions..js (module.js:422:10)
    at Module.load (module.js:357:32)
    at Function.Module._load (module.js:314:12)
    at Function._load (/Users/hotread/.config/yarn/global/node_modules/pmx/lib/transaction.js:94:21)
    at /Users/hotread/.config/yarn/global/node_modules/pm2/lib/ProcessContainer.js:301:23
    at /Users/hotread/.config/yarn/global/node_modules/async/lib/async.js:52:16
    at /Users/hotread/.config/yarn/global/node_modules/async/lib/async.js:1209:30
    at WriteStream.<anonymous> (/Users/hotread/.config/yarn/global/node_modules/pm2/lib/Utility.js:147:13)
SyntaxError: Unexpected token import
    at exports.runInThisContext (vm.js:53:16)
    at Module._compile (module.js:387:25)
    at Object.Module._extensions..js (module.js:422:10)
    at Module.load (module.js:357:32)
    at Function.Module._load (module.js:314:12)
    at Function._load (/Users/hotread/.config/yarn/global/node_modules/pmx/lib/transaction.js:94:21)
    at /Users/hotread/.config/yarn/global/node_modules/pm2/lib/ProcessContainer.js:301:23
    at /Users/hotread/.config/yarn/global/node_modules/async/lib/async.js:52:16
    at /Users/hotread/.config/yarn/global/node_modules/async/lib/async.js:1209:30
    at WriteStream.<anonymous> (/Users/hotread/.config/yarn/global/node_modules/pm2/lib/Utility.js:147:13)
SyntaxError: Unexpected token import
    at exports.runInThisContext (vm.js:53:16)
    at Module._compile (module.js:387:25)
    at Object.Module._extensions..js (module.js:422:10)
    at Module.load (module.js:357:32)
    at Function.Module._load (module.js:314:12)
    at Function._load (/Users/hotread/.config/yarn/global/node_modules/pmx/lib/transaction.js:94:21)
    at /Users/hotread/.config/yarn/global/node_modules/pm2/lib/ProcessContainer.js:301:23
    at /Users/hotread/.config/yarn/global/node_modules/async/lib/async.js:52:16
    at /Users/hotread/.config/yarn/global/node_modules/async/lib/async.js:1209:30
    at WriteStream.<anonymous> (/Users/hotread/.config/yarn/global/node_modules/pm2/lib/Utility.js:147:13)
SyntaxError: Unexpected token import
    at exports.runInThisContext (vm.js:53:16)
    at Module._compile (module.js:387:25)
    at Object.Module._extensions..js (module.js:422:10)
    at Module.load (module.js:357:32)
    at Function.Module._load (module.js:314:12)
    at Function._load (/Users/hotread/.config/yarn/global/node_modules/pmx/lib/transaction.js:94:21)
    at /Users/hotread/.config/yarn/global/node_modules/pm2/lib/ProcessContainer.js:301:23
    at /Users/hotread/.config/yarn/global/node_modules/async/lib/async.js:52:16
    at /Users/hotread/.config/yarn/global/node_modules/async/lib/async.js:1209:30
    at WriteStream.<anonymous> (/Users/hotread/.config/yarn/global/node_modules/pm2/lib/Utility.js:147:13)
SyntaxError: Unexpected token import
    at exports.runInThisContext (vm.js:53:16)
    at Module._compile (module.js:387:25)
    at Object.Module._extensions..js (module.js:422:10)
    at Module.load (module.js:357:32)
    at Function.Module._load (module.js:314:12)
    at Function._load (/Users/hotread/.config/yarn/global/node_modules/pmx/lib/transaction.js:94:21)
    at /Users/hotread/.config/yarn/global/node_modules/pm2/lib/ProcessContainer.js:301:23
    at /Users/hotread/.config/yarn/global/node_modules/async/lib/async.js:52:16
    at /Users/hotread/.config/yarn/global/node_modules/async/lib/async.js:1209:30
    at WriteStream.<anonymous> (/Users/hotread/.config/yarn/global/node_modules/pm2/lib/Utility.js:147:13)
SyntaxError: Unexpected token import
    at exports.runInThisContext (vm.js:53:16)
    at Module._compile (module.js:387:25)
    at Object.Module._extensions..js (module.js:422:10)
    at Module.load (module.js:357:32)
    at Function.Module._load (module.js:314:12)
    at Function._load (/Users/hotread/.config/yarn/global/node_modules/pmx/lib/transaction.js:94:21)
    at /Users/hotread/.config/yarn/global/node_modules/pm2/lib/ProcessContainer.js:301:23
    at /Users/hotread/.config/yarn/global/node_modules/async/lib/async.js:52:16
    at /Users/hotread/.config/yarn/global/node_modules/async/lib/async.js:1209:30
    at WriteStream.<anonymous> (/Users/hotread/.config/yarn/global/node_modules/pm2/lib/Utility.js:147:13)
SyntaxError: Unexpected token import
    at exports.runInThisContext (vm.js:53:16)
    at Module._compile (module.js:387:25)
    at Object.Module._extensions..js (module.js:422:10)
    at Module.load (module.js:357:32)
    at Function.Module._load (module.js:314:12)
    at Function._load (/Users/hotread/.config/yarn/global/node_modules/pmx/lib/transaction.js:94:21)
    at /Users/hotread/.config/yarn/global/node_modules/pm2/lib/ProcessContainer.js:301:23
    at /Users/hotread/.config/yarn/global/node_modules/async/lib/async.js:52:16
    at /Users/hotread/.config/yarn/global/node_modules/async/lib/async.js:1209:30
    at WriteStream.<anonymous> (/Users/hotread/.config/yarn/global/node_modules/pm2/lib/Utility.js:147:13)
SyntaxError: Unexpected token import
    at exports.runInThisContext (vm.js:53:16)
    at Module._compile (module.js:387:25)
    at Object.Module._extensions..js (module.js:422:10)
    at Module.load (module.js:357:32)
    at Function.Module._load (module.js:314:12)
    at Function._load (/Users/hotread/.config/yarn/global/node_modules/pmx/lib/transaction.js:94:21)
    at /Users/hotread/.config/yarn/global/node_modules/pm2/lib/ProcessContainer.js:301:23
    at /Users/hotread/.config/yarn/global/node_modules/async/lib/async.js:52:16
    at /Users/hotread/.config/yarn/global/node_modules/async/lib/async.js:1209:30
    at WriteStream.<anonymous> (/Users/hotread/.config/yarn/global/node_modules/pm2/lib/Utility.js:147:13)
